<?xml version="1.0" encoding="UTF-8"?><testsuite errors="0" failures="0" name="enter page travelocity" skipped="11" tests="11" time="0.35" timestamp="2021-01-19 04:39:21"><testcase name="Register new user"><skipped/></testcase><testcase name="make reserve to fly"><skipped/></testcase><testcase name="make reserve to fly and hotel"><skipped/></testcase><testcase name="search cruises"><skipped/></testcase><testcase name="reserve cruises"><skipped/></testcase><testcase name="Search Vacation Rentals"><skipped/></testcase><testcase name="add property a travelocity"><skipped/></testcase><testcase name="Search a packages with hotel,card and flight"><skipped/></testcase><testcase name="make a reserve for packages with hotel,card and flight"><skipped/></testcase><testcase name="Search list of trips for me"><skipped/></testcase><testcase name="Search list of travel deals"><skipped/></testcase></testsuite>